2026-03-17 17:52:35 - INFO - ==================================================
2026-03-17 17:52:35 - INFO - STARTING PYTHON DATA PIPELINE 1
2026-03-17 17:52:35 - INFO - ==================================================
2026-03-17 17:52:35 - INFO - Starting extraction from CSV...
2026-03-17 17:52:35 - INFO - Extracted 4 rows from data/raw/sales_data.csv
2026-03-17 17:52:35 - INFO - Starting transformation...
2026-03-17 17:52:35 - INFO - Transformation complete. Final shape: (4, 8)
2026-03-17 17:52:35 - INFO - Starting load to MySQL...
2026-03-17 17:52:37 - INFO - Successfully loaded 4 rows into MySQL table 'sales'
2026-03-17 17:52:37 - INFO - \u2705 PIPELINE COMPLETED SUCCESSFULLY in 0:00:01.917356
2026-03-18 09:41:40 - INFO - ==================================================
2026-03-18 09:41:40 - INFO - STARTING PYTHON DATA PIPELINE 1
2026-03-18 09:41:40 - INFO - ==================================================
2026-03-18 09:41:40 - INFO - Starting extraction from CSV...
2026-03-18 09:41:40 - INFO - Extracted 4 rows from data/raw/sales_data.csv
2026-03-18 09:41:40 - INFO - Starting transformation...
2026-03-18 09:41:40 - INFO - Transformation complete. Final shape: (4, 8)
2026-03-18 09:41:40 - INFO - Starting load to MySQL...
2026-03-18 09:41:42 - ERROR - Load failed: 'cryptography' package is required for sha256_password or caching_sha2_password auth methods
2026-03-18 09:41:42 - ERROR - ❌ PIPELINE FAILED: 'cryptography' package is required for sha256_password or caching_sha2_password auth methods
2026-03-18 10:14:41 - INFO - ==================================================
2026-03-18 10:14:41 - INFO - STARTING PYTHON DATA PIPELINE 1
2026-03-18 10:14:41 - INFO - ==================================================
2026-03-18 10:14:41 - INFO - Starting extraction from CSV...
2026-03-18 10:14:41 - INFO - Extracted 4 rows from data/raw/sales_data.csv
2026-03-18 10:14:41 - INFO - Starting transformation...
2026-03-18 10:14:41 - INFO - Transformation complete. Final shape: (4, 8)
2026-03-18 10:14:41 - INFO - Starting load to MySQL...
2026-03-18 10:14:42 - INFO - Successfully loaded 4 rows into MySQL table 'sales'
2026-03-18 10:14:42 - INFO - ✅ PIPELINE COMPLETED SUCCESSFULLY in 0:00:00.990556
2026-03-18 13:27:43 - INFO - ==================================================
2026-03-18 13:27:43 - INFO - STARTING PYTHON DATA PIPELINE 1
2026-03-18 13:27:43 - INFO - ==================================================
2026-03-18 13:27:43 - INFO - Starting extraction from CSV...
2026-03-18 13:27:43 - INFO - Extracted 4 rows from data/raw/sales_data.csv
2026-03-18 13:27:43 - INFO - Starting transformation...
2026-03-18 13:27:43 - INFO - Transformation complete. Final shape: (4, 8)
2026-03-18 13:27:43 - INFO - Starting load to MySQL...
2026-03-18 13:27:47 - ERROR - Load failed: Execution failed on sql 'INSERT INTO sales (transaction_id, customer_name, customer_email, product, quantity, unit_price, transaction_date, total_amount) VALUES (:transaction_id, :customer_name, :customer_email, :product, :quantity, :unit_price, :transaction_date, :total_amount)': (pymysql.err.IntegrityError) (1062, "Duplicate entry 'TXN001' for key 'sales.transaction_id'")
[SQL: INSERT INTO sales (transaction_id, customer_name, customer_email, product, quantity, unit_price, transaction_date, total_amount) VALUES (%(transaction_id)s, %(customer_name)s, %(customer_email)s, %(product)s, %(quantity)s, %(unit_price)s, %(transaction_date)s, %(total_amount)s)]
[parameters: [{'transaction_id': 'TXN001', 'customer_name': 'John Doe', 'customer_email': 'john@example.com', 'product': 'Laptop', 'quantity': 2, 'unit_price': 999.99, 'transaction_date': datetime.date(2025, 3, 1), 'total_amount': 1999.98}, {'transaction_id': 'TXN002', 'customer_name': 'Jane Smith', 'customer_email': 'jane@test.com', 'product': 'Mouse', 'quantity': 5, 'unit_price': 29.99, 'transaction_date': datetime.date(2025, 3, 2), 'total_amount': 149.95}, {'transaction_id': 'TXN003', 'customer_name': 'Bob Johnson', 'customer_email': 'no_email@domain.com', 'product': 'Keyboard', 'quantity': 1, 'unit_price': 79.99, 'transaction_date': datetime.date(2025, 3, 3), 'total_amount': 79.99}, {'transaction_id': 'TXN004', 'customer_name': 'Alice Brown', 'customer_email': 'alice@company.com', 'product': 'Monitor', 'quantity': 1, 'unit_price': 249.99, 'transaction_date': datetime.date(2025, 3, 3), 'total_amount': 249.99}]]
(Background on this error at: https://sqlalche.me/e/20/gkpj)
2026-03-18 13:27:47 - ERROR - \u274c PIPELINE FAILED: Execution failed on sql 'INSERT INTO sales (transaction_id, customer_name, customer_email, product, quantity, unit_price, transaction_date, total_amount) VALUES (:transaction_id, :customer_name, :customer_email, :product, :quantity, :unit_price, :transaction_date, :total_amount)': (pymysql.err.IntegrityError) (1062, "Duplicate entry 'TXN001' for key 'sales.transaction_id'")
[SQL: INSERT INTO sales (transaction_id, customer_name, customer_email, product, quantity, unit_price, transaction_date, total_amount) VALUES (%(transaction_id)s, %(customer_name)s, %(customer_email)s, %(product)s, %(quantity)s, %(unit_price)s, %(transaction_date)s, %(total_amount)s)]
[parameters: [{'transaction_id': 'TXN001', 'customer_name': 'John Doe', 'customer_email': 'john@example.com', 'product': 'Laptop', 'quantity': 2, 'unit_price': 999.99, 'transaction_date': datetime.date(2025, 3, 1), 'total_amount': 1999.98}, {'transaction_id': 'TXN002', 'customer_name': 'Jane Smith', 'customer_email': 'jane@test.com', 'product': 'Mouse', 'quantity': 5, 'unit_price': 29.99, 'transaction_date': datetime.date(2025, 3, 2), 'total_amount': 149.95}, {'transaction_id': 'TXN003', 'customer_name': 'Bob Johnson', 'customer_email': 'no_email@domain.com', 'product': 'Keyboard', 'quantity': 1, 'unit_price': 79.99, 'transaction_date': datetime.date(2025, 3, 3), 'total_amount': 79.99}, {'transaction_id': 'TXN004', 'customer_name': 'Alice Brown', 'customer_email': 'alice@company.com', 'product': 'Monitor', 'quantity': 1, 'unit_price': 249.99, 'transaction_date': datetime.date(2025, 3, 3), 'total_amount': 249.99}]]
(Background on this error at: https://sqlalche.me/e/20/gkpj)
2026-03-18 13:29:03 - INFO - ==================================================
2026-03-18 13:29:03 - INFO - STARTING PYTHON DATA PIPELINE 1
2026-03-18 13:29:03 - INFO - ==================================================
2026-03-18 13:29:03 - INFO - Starting extraction from CSV...
2026-03-18 13:29:03 - INFO - Extracted 4 rows from data/raw/sales_data.csv
2026-03-18 13:29:03 - INFO - Starting transformation...
2026-03-18 13:29:03 - INFO - Transformation complete. Final shape: (4, 8)
2026-03-18 13:29:03 - INFO - Starting load to MySQL...
2026-03-18 13:29:05 - ERROR - Load failed: Execution failed on sql 'INSERT INTO sales (transaction_id, customer_name, customer_email, product, quantity, unit_price, transaction_date, total_amount) VALUES (:transaction_id, :customer_name, :customer_email, :product, :quantity, :unit_price, :transaction_date, :total_amount)': (pymysql.err.IntegrityError) (1062, "Duplicate entry 'TXN001' for key 'sales.transaction_id'")
[SQL: INSERT INTO sales (transaction_id, customer_name, customer_email, product, quantity, unit_price, transaction_date, total_amount) VALUES (%(transaction_id)s, %(customer_name)s, %(customer_email)s, %(product)s, %(quantity)s, %(unit_price)s, %(transaction_date)s, %(total_amount)s)]
[parameters: [{'transaction_id': 'TXN001', 'customer_name': 'John Doe', 'customer_email': 'john@example.com', 'product': 'Laptop', 'quantity': 2, 'unit_price': 999.99, 'transaction_date': datetime.date(2025, 3, 1), 'total_amount': 1999.98}, {'transaction_id': 'TXN002', 'customer_name': 'Jane Smith', 'customer_email': 'jane@test.com', 'product': 'Mouse', 'quantity': 5, 'unit_price': 29.99, 'transaction_date': datetime.date(2025, 3, 2), 'total_amount': 149.95}, {'transaction_id': 'TXN003', 'customer_name': 'Bob Johnson', 'customer_email': 'no_email@domain.com', 'product': 'Keyboard', 'quantity': 1, 'unit_price': 79.99, 'transaction_date': datetime.date(2025, 3, 3), 'total_amount': 79.99}, {'transaction_id': 'TXN004', 'customer_name': 'Alice Brown', 'customer_email': 'alice@company.com', 'product': 'Monitor', 'quantity': 1, 'unit_price': 249.99, 'transaction_date': datetime.date(2025, 3, 3), 'total_amount': 249.99}]]
(Background on this error at: https://sqlalche.me/e/20/gkpj)
2026-03-18 13:29:05 - ERROR - \u274c PIPELINE FAILED: Execution failed on sql 'INSERT INTO sales (transaction_id, customer_name, customer_email, product, quantity, unit_price, transaction_date, total_amount) VALUES (:transaction_id, :customer_name, :customer_email, :product, :quantity, :unit_price, :transaction_date, :total_amount)': (pymysql.err.IntegrityError) (1062, "Duplicate entry 'TXN001' for key 'sales.transaction_id'")
[SQL: INSERT INTO sales (transaction_id, customer_name, customer_email, product, quantity, unit_price, transaction_date, total_amount) VALUES (%(transaction_id)s, %(customer_name)s, %(customer_email)s, %(product)s, %(quantity)s, %(unit_price)s, %(transaction_date)s, %(total_amount)s)]
[parameters: [{'transaction_id': 'TXN001', 'customer_name': 'John Doe', 'customer_email': 'john@example.com', 'product': 'Laptop', 'quantity': 2, 'unit_price': 999.99, 'transaction_date': datetime.date(2025, 3, 1), 'total_amount': 1999.98}, {'transaction_id': 'TXN002', 'customer_name': 'Jane Smith', 'customer_email': 'jane@test.com', 'product': 'Mouse', 'quantity': 5, 'unit_price': 29.99, 'transaction_date': datetime.date(2025, 3, 2), 'total_amount': 149.95}, {'transaction_id': 'TXN003', 'customer_name': 'Bob Johnson', 'customer_email': 'no_email@domain.com', 'product': 'Keyboard', 'quantity': 1, 'unit_price': 79.99, 'transaction_date': datetime.date(2025, 3, 3), 'total_amount': 79.99}, {'transaction_id': 'TXN004', 'customer_name': 'Alice Brown', 'customer_email': 'alice@company.com', 'product': 'Monitor', 'quantity': 1, 'unit_price': 249.99, 'transaction_date': datetime.date(2025, 3, 3), 'total_amount': 249.99}]]
(Background on this error at: https://sqlalche.me/e/20/gkpj)
2026-03-18 13:32:06 - INFO - ==================================================
2026-03-18 13:32:06 - INFO - STARTING PYTHON DATA PIPELINE 1
2026-03-18 13:32:06 - INFO - ==================================================
2026-03-18 13:32:06 - INFO - Starting extraction from CSV...
2026-03-18 13:32:06 - INFO - Extracted 4 rows from data/raw/sales_data.csv
2026-03-18 13:32:06 - INFO - Starting transformation...
2026-03-18 13:32:06 - INFO - Transformation complete. Final shape: (4, 8)
2026-03-18 13:32:06 - INFO - Starting load to MySQL...
2026-03-18 13:32:08 - ERROR - Load failed: Execution failed on sql 'INSERT INTO sales (transaction_id, customer_name, customer_email, product, quantity, unit_price, transaction_date, total_amount) VALUES (:transaction_id, :customer_name, :customer_email, :product, :quantity, :unit_price, :transaction_date, :total_amount)': (pymysql.err.IntegrityError) (1062, "Duplicate entry 'TXN001' for key 'sales.transaction_id'")
[SQL: INSERT INTO sales (transaction_id, customer_name, customer_email, product, quantity, unit_price, transaction_date, total_amount) VALUES (%(transaction_id)s, %(customer_name)s, %(customer_email)s, %(product)s, %(quantity)s, %(unit_price)s, %(transaction_date)s, %(total_amount)s)]
[parameters: [{'transaction_id': 'TXN001', 'customer_name': 'John Doe', 'customer_email': 'john@example.com', 'product': 'Laptop', 'quantity': 2, 'unit_price': 999.99, 'transaction_date': datetime.date(2025, 3, 1), 'total_amount': 1999.98}, {'transaction_id': 'TXN002', 'customer_name': 'Jane Smith', 'customer_email': 'jane@test.com', 'product': 'Mouse', 'quantity': 5, 'unit_price': 29.99, 'transaction_date': datetime.date(2025, 3, 2), 'total_amount': 149.95}, {'transaction_id': 'TXN003', 'customer_name': 'Bob Johnson', 'customer_email': 'no_email@domain.com', 'product': 'Keyboard', 'quantity': 1, 'unit_price': 79.99, 'transaction_date': datetime.date(2025, 3, 3), 'total_amount': 79.99}, {'transaction_id': 'TXN004', 'customer_name': 'Alice Brown', 'customer_email': 'alice10@company.com', 'product': 'Monitor', 'quantity': 1, 'unit_price': 249.99, 'transaction_date': datetime.date(2025, 3, 3), 'total_amount': 249.99}]]
(Background on this error at: https://sqlalche.me/e/20/gkpj)
2026-03-18 13:32:08 - ERROR - \u274c PIPELINE FAILED: Execution failed on sql 'INSERT INTO sales (transaction_id, customer_name, customer_email, product, quantity, unit_price, transaction_date, total_amount) VALUES (:transaction_id, :customer_name, :customer_email, :product, :quantity, :unit_price, :transaction_date, :total_amount)': (pymysql.err.IntegrityError) (1062, "Duplicate entry 'TXN001' for key 'sales.transaction_id'")
[SQL: INSERT INTO sales (transaction_id, customer_name, customer_email, product, quantity, unit_price, transaction_date, total_amount) VALUES (%(transaction_id)s, %(customer_name)s, %(customer_email)s, %(product)s, %(quantity)s, %(unit_price)s, %(transaction_date)s, %(total_amount)s)]
[parameters: [{'transaction_id': 'TXN001', 'customer_name': 'John Doe', 'customer_email': 'john@example.com', 'product': 'Laptop', 'quantity': 2, 'unit_price': 999.99, 'transaction_date': datetime.date(2025, 3, 1), 'total_amount': 1999.98}, {'transaction_id': 'TXN002', 'customer_name': 'Jane Smith', 'customer_email': 'jane@test.com', 'product': 'Mouse', 'quantity': 5, 'unit_price': 29.99, 'transaction_date': datetime.date(2025, 3, 2), 'total_amount': 149.95}, {'transaction_id': 'TXN003', 'customer_name': 'Bob Johnson', 'customer_email': 'no_email@domain.com', 'product': 'Keyboard', 'quantity': 1, 'unit_price': 79.99, 'transaction_date': datetime.date(2025, 3, 3), 'total_amount': 79.99}, {'transaction_id': 'TXN004', 'customer_name': 'Alice Brown', 'customer_email': 'alice10@company.com', 'product': 'Monitor', 'quantity': 1, 'unit_price': 249.99, 'transaction_date': datetime.date(2025, 3, 3), 'total_amount': 249.99}]]
(Background on this error at: https://sqlalche.me/e/20/gkpj)
2026-03-18 13:39:42 - INFO - ==================================================
2026-03-18 13:39:42 - INFO - STARTING PYTHON DATA PIPELINE 1
2026-03-18 13:39:42 - INFO - ==================================================
2026-03-18 13:39:42 - INFO - Starting extraction from CSV...
2026-03-18 13:39:42 - INFO - Extracted 4 rows from data/raw/sales_data.csv
2026-03-18 13:39:42 - INFO - Starting transformation...
2026-03-18 13:39:42 - INFO - Transformation complete. Final shape: (4, 8)
2026-03-18 13:39:42 - INFO - Starting load to MySQL...
2026-03-18 13:39:44 - INFO - Successfully loaded 4 rows into MySQL table 'sales'
2026-03-18 13:39:44 - INFO - \u2705 PIPELINE COMPLETED SUCCESSFULLY in 0:00:02.925554
